<?xml version="1.0" encoding="UTF-8"?>
<!-- Generated by org.testng.reporters.JUnitReportReporter -->
<testsuite hostname="DESKTOP-NS0ECRJ" failures="0" tests="7" name="com.sgtesting.Testng.TestNGAssign3" time="63.437" errors="0" timestamp="2022-03-13T23:25:58 IST" skipped="0">
  <testcase classname="com.sgtesting.Testng.TestNGAssign3" name="launchBrowser" time="17.179"/>
  <system-out/>
  <testcase classname="com.sgtesting.Testng.TestNGAssign3" name="navigate" time="8.069"/>
  <system-out/>
  <testcase classname="com.sgtesting.Testng.TestNGAssign3" name="login" time="6.561"/>
  <system-out/>
  <testcase classname="com.sgtesting.Testng.TestNGAssign3" name="minimizeInfoWindow" time="3.146"/>
  <system-out/>
  <testcase classname="com.sgtesting.Testng.TestNGAssign3" name="createCustomer" time="15.964"/>
  <system-out/>
  <testcase classname="com.sgtesting.Testng.TestNGAssign3" name="deleteCustomer" time="8.520"/>
  <system-out/>
  <testcase classname="com.sgtesting.Testng.TestNGAssign3" name="logoutAndClose" time="3.998"/>
  <system-out/>
</testsuite> <!-- com.sgtesting.Testng.TestNGAssign3 -->
