<?xml version="1.0" encoding="UTF-8"?>
<!-- Generated by org.testng.reporters.JUnitReportReporter -->
<testsuite hostname="DESKTOP-NS0ECRJ" failures="0" tests="6" name="com.sgtesting.Testng.TestNGAssign1" time="80.944" errors="0" timestamp="2022-03-13T22:49:39 IST" skipped="0">
  <testcase classname="com.sgtesting.Testng.TestNGAssign1" name="launchBrowser" time="19.706"/>
  <system-out/>
  <testcase classname="com.sgtesting.Testng.TestNGAssign1" name="navigate" time="20.009"/>
  <system-out/>
  <testcase classname="com.sgtesting.Testng.TestNGAssign1" name="login" time="7.947"/>
  <system-out/>
  <testcase classname="com.sgtesting.Testng.TestNGAssign1" name="createUser" time="15.806"/>
  <system-out/>
  <testcase classname="com.sgtesting.Testng.TestNGAssign1" name="deleteUser" time="10.657"/>
  <system-out/>
  <testcase classname="com.sgtesting.Testng.TestNGAssign1" name="logoutAndClose" time="6.819"/>
  <system-out/>
</testsuite> <!-- com.sgtesting.Testng.TestNGAssign1 -->
